<?xml version="1.0" encoding="UTF-8"?>
<testng-results skipped="0" failed="0" ignored="0" total="1" passed="1">
  <reporter-output>
  </reporter-output>
  <suite name="Suite" duration-ms="63" started-at="2019-06-26T13:25:58Z" finished-at="2019-06-26T13:25:58Z">
    <groups>
    </groups>
    <test name="Test" duration-ms="63" started-at="2019-06-26T13:25:58Z" finished-at="2019-06-26T13:25:58Z">
      <class name="com.demo.test.SampleTests">
        <test-method status="PASS" signature="m1()[pri:0, instance:com.demo.test.SampleTests@1832929]" name="m1" duration-ms="32" started-at="2019-06-26T18:55:58Z" finished-at="2019-06-26T18:55:58Z">
          <reporter-output>
          </reporter-output>
        </test-method> <!-- m1 -->
      </class> <!-- com.demo.test.SampleTests -->
    </test> <!-- Test -->
  </suite> <!-- Suite -->
</testng-results>
